<?xml version="1.0" encoding="UTF-8"?>
<testng-results skipped="0" failed="0" ignored="0" total="2" passed="2">
  <reporter-output>
  </reporter-output>
  <suite name="Suite" duration-ms="25" started-at="2022-03-01T15:56:20 CST" finished-at="2022-03-01T15:56:20 CST">
    <groups>
    </groups>
    <test name="Test" duration-ms="25" started-at="2022-03-01T15:56:20 CST" finished-at="2022-03-01T15:56:20 CST">
      <class name="MavenJava.MavenJava.AppiumTest">
        <test-method status="PASS" signature="AppiumFirst()[pri:0, instance:MavenJava.MavenJava.AppiumTest@5b87ed94]" name="AppiumFirst" duration-ms="4" started-at="2022-03-01T15:56:20 CST" finished-at="2022-03-01T15:56:20 CST">
          <reporter-output>
          </reporter-output>
        </test-method> <!-- AppiumFirst -->
      </class> <!-- MavenJava.MavenJava.AppiumTest -->
      <class name="MavenJava.MavenJava.SeleniumTest">
        <test-method status="PASS" signature="SeleniumFirst()[pri:0, instance:MavenJava.MavenJava.SeleniumTest@6e0e048a]" name="SeleniumFirst" duration-ms="0" started-at="2022-03-01T15:56:20 CST" finished-at="2022-03-01T15:56:20 CST">
          <reporter-output>
          </reporter-output>
        </test-method> <!-- SeleniumFirst -->
      </class> <!-- MavenJava.MavenJava.SeleniumTest -->
    </test> <!-- Test -->
  </suite> <!-- Suite -->
</testng-results>
