<?xml version="1.0" encoding="UTF-8"?>
<testng-results ignored="0" total="2" passed="2" failed="0" skipped="0">
  <reporter-output>
  </reporter-output>
  <suite started-at="2022-03-02T09:06:32 CST" name="Suite" finished-at="2022-03-02T09:06:32 CST" duration-ms="48">
    <groups>
    </groups>
    <test started-at="2022-03-02T09:06:32 CST" name="Test" finished-at="2022-03-02T09:06:32 CST" duration-ms="48">
      <class name="MavenJava.MavenJava.SeleniumTest">
        <test-method signature="SeleniumFirst()[pri:0, instance:MavenJava.MavenJava.SeleniumTest@d5b810e]" started-at="2022-03-02T09:06:32 CST" name="SeleniumFirst" finished-at="2022-03-02T09:06:32 CST" duration-ms="1" status="PASS">
          <reporter-output>
          </reporter-output>
        </test-method> <!-- SeleniumFirst -->
      </class> <!-- MavenJava.MavenJava.SeleniumTest -->
      <class name="MavenJava.MavenJava.AppiumTest">
        <test-method signature="AppiumFirst()[pri:0, instance:MavenJava.MavenJava.AppiumTest@5acf93bb]" started-at="2022-03-02T09:06:32 CST" name="AppiumFirst" finished-at="2022-03-02T09:06:32 CST" duration-ms="6" status="PASS">
          <reporter-output>
          </reporter-output>
        </test-method> <!-- AppiumFirst -->
      </class> <!-- MavenJava.MavenJava.AppiumTest -->
    </test> <!-- Test -->
  </suite> <!-- Suite -->
</testng-results>
